2025-09-02 00:11:10.470 TRACE_ID INFO  main CaptchaAutoConfiguration CaptchaAutoConfiguration init
2025-09-02 00:11:10.474 TRACE_ID INFO  main SparrowAutoConfiguration Sparrow Auto Configuration INIT
2025-09-02 00:11:10.478 TRACE_ID INFO  main SparrowConfig SparrowConfig init
2025-09-02 00:11:10.482 TRACE_ID INFO  main SparrowConfig data source config init
2025-09-02 00:11:10.521 TRACE_ID INFO  main FilterAutoConfiguration Sparrow Auto Configuration INIT
2025-09-02 00:11:10.535 TRACE_ID INFO  main FilterAutoConfiguration allowedOrigin: http://www.sparrowzoo.com
2025-09-02 00:11:10.535 TRACE_ID INFO  main FilterAutoConfiguration allowedOrigin: http://passport.sparrowzoo.com
2025-09-02 00:11:10.535 TRACE_ID INFO  main FilterAutoConfiguration allowedOrigin: http://localhost:3000
2025-09-02 00:11:10.535 TRACE_ID INFO  main FilterAutoConfiguration allowedOrigin: http://localhost:3001
2025-09-02 00:11:10.535 TRACE_ID INFO  main FilterAutoConfiguration allowedOrigin: http://192.168.1.14:3000
2025-09-02 00:11:10.535 TRACE_ID INFO  main FilterAutoConfiguration allowedOrigin: http://192.168.1.14:3001
2025-09-02 00:11:10.545 TRACE_ID INFO  main MonolithicFilterAutoConfiguration Initializing MonolithicFilterAutoConfiguration
2025-09-02 00:11:10.557 TRACE_ID INFO  main AuthcAutoConfiguration Initializing AuthcAutoConfiguration
2025-09-02 00:11:10.698 TRACE_ID INFO  main EnumsAutoConfiguration EnumsAutoConfiguration init
2025-09-02 00:11:10.745 TRACE_ID INFO  main AttachServiceImpl init AttachService
2025-09-02 00:11:10.987 TRACE_ID INFO  main TemplateEngineAutoConfiguration TemplateEngineAutoConfiguration init
2025-09-02 00:11:11.873 TRACE_ID INFO  main AuthcAutoConfiguration$RedisSessionDaoConfig Initializing RedisSessionDaoConfig
2025-09-02 00:11:11.874 TRACE_ID INFO  main BasicAutoConfiguration Initializing BasicAutoConfiguration
2025-09-02 00:11:12.222 TRACE_ID INFO  main SparrowAutoConfiguration online password J889wet3xdBaKzJE
2025-09-02 00:11:12.222 TRACE_ID INFO  main SparrowAutoConfiguration final password J889wet3xdBaKzJE
2025-09-02 00:12:26.067 TRACE_ID INFO  main CaptchaAutoConfiguration CaptchaAutoConfiguration init
2025-09-02 00:12:26.070 TRACE_ID INFO  main SparrowAutoConfiguration Sparrow Auto Configuration INIT
2025-09-02 00:12:26.074 TRACE_ID INFO  main SparrowConfig SparrowConfig init
2025-09-02 00:12:26.104 TRACE_ID INFO  main SparrowConfig data source config init
2025-09-02 00:12:26.113 TRACE_ID INFO  main FilterAutoConfiguration Sparrow Auto Configuration INIT
2025-09-02 00:12:26.127 TRACE_ID INFO  main FilterAutoConfiguration allowedOrigin: http://www.sparrowzoo.com
2025-09-02 00:12:26.127 TRACE_ID INFO  main FilterAutoConfiguration allowedOrigin: http://passport.sparrowzoo.com
2025-09-02 00:12:26.127 TRACE_ID INFO  main FilterAutoConfiguration allowedOrigin: http://localhost:3000
2025-09-02 00:12:26.127 TRACE_ID INFO  main FilterAutoConfiguration allowedOrigin: http://localhost:3001
2025-09-02 00:12:26.127 TRACE_ID INFO  main FilterAutoConfiguration allowedOrigin: http://192.168.1.14:3000
2025-09-02 00:12:26.127 TRACE_ID INFO  main FilterAutoConfiguration allowedOrigin: http://192.168.1.14:3001
2025-09-02 00:12:26.138 TRACE_ID INFO  main MonolithicFilterAutoConfiguration Initializing MonolithicFilterAutoConfiguration
2025-09-02 00:12:26.147 TRACE_ID INFO  main AuthcAutoConfiguration Initializing AuthcAutoConfiguration
2025-09-02 00:12:26.284 TRACE_ID INFO  main EnumsAutoConfiguration EnumsAutoConfiguration init
2025-09-02 00:12:28.776 TRACE_ID INFO  main AttachServiceImpl init AttachService
2025-09-02 00:12:29.090 TRACE_ID INFO  main TemplateEngineAutoConfiguration TemplateEngineAutoConfiguration init
2025-09-02 00:12:29.819 TRACE_ID INFO  main AuthcAutoConfiguration$RedisSessionDaoConfig Initializing RedisSessionDaoConfig
2025-09-02 00:12:29.820 TRACE_ID INFO  main BasicAutoConfiguration Initializing BasicAutoConfiguration
2025-09-02 00:12:30.178 TRACE_ID INFO  main SparrowAutoConfiguration online password J889wet3xdBaKzJE
2025-09-02 00:12:30.178 TRACE_ID INFO  main SparrowAutoConfiguration final password J889wet3xdBaKzJE
2025-09-02 00:14:27.110 TRACE_ID INFO  main CaptchaAutoConfiguration CaptchaAutoConfiguration init
2025-09-02 00:14:27.116 TRACE_ID INFO  main SparrowAutoConfiguration Sparrow Auto Configuration INIT
2025-09-02 00:14:27.120 TRACE_ID INFO  main SparrowConfig SparrowConfig init
2025-09-02 00:14:27.170 TRACE_ID INFO  main SparrowConfig data source config init
2025-09-02 00:14:27.182 TRACE_ID INFO  main FilterAutoConfiguration Sparrow Auto Configuration INIT
2025-09-02 00:14:27.216 TRACE_ID INFO  main FilterAutoConfiguration allowedOrigin: http://www.sparrowzoo.com
2025-09-02 00:14:27.217 TRACE_ID INFO  main FilterAutoConfiguration allowedOrigin: http://passport.sparrowzoo.com
2025-09-02 00:14:27.217 TRACE_ID INFO  main FilterAutoConfiguration allowedOrigin: http://localhost:3000
2025-09-02 00:14:27.217 TRACE_ID INFO  main FilterAutoConfiguration allowedOrigin: http://localhost:3001
2025-09-02 00:14:27.217 TRACE_ID INFO  main FilterAutoConfiguration allowedOrigin: http://192.168.1.14:3000
2025-09-02 00:14:27.217 TRACE_ID INFO  main FilterAutoConfiguration allowedOrigin: http://192.168.1.14:3001
2025-09-02 00:14:27.235 TRACE_ID INFO  main MonolithicFilterAutoConfiguration Initializing MonolithicFilterAutoConfiguration
2025-09-02 00:14:27.259 TRACE_ID INFO  main AuthcAutoConfiguration Initializing AuthcAutoConfiguration
2025-09-02 00:14:27.735 TRACE_ID INFO  main EnumsAutoConfiguration EnumsAutoConfiguration init
2025-09-02 00:14:27.833 TRACE_ID INFO  main SpringUserLoginController SpringUserLoginController
2025-09-02 00:14:27.871 TRACE_ID INFO  main SparrowAutoConfiguration online password J889wet3xdBaKzJE
2025-09-02 00:14:27.873 TRACE_ID INFO  main SparrowAutoConfiguration final password J889wet3xdBaKzJE
2025-09-02 00:14:30.180 TRACE_ID INFO  main UserProfileService UserProfileService init
2025-09-02 07:02:49.858 TRACE_ID INFO  main CaptchaAutoConfiguration CaptchaAutoConfiguration init
2025-09-02 07:02:49.867 TRACE_ID INFO  main SparrowAutoConfiguration Sparrow Auto Configuration INIT
2025-09-02 07:02:49.872 TRACE_ID INFO  main SparrowConfig SparrowConfig init
2025-09-02 07:02:49.878 TRACE_ID INFO  main SparrowConfig data source config init
2025-09-02 07:02:49.947 TRACE_ID INFO  main FilterAutoConfiguration Sparrow Auto Configuration INIT
2025-09-02 07:02:49.973 TRACE_ID INFO  main FilterAutoConfiguration allowedOrigin: http://www.sparrowzoo.com
2025-09-02 07:02:49.973 TRACE_ID INFO  main FilterAutoConfiguration allowedOrigin: http://passport.sparrowzoo.com
2025-09-02 07:02:49.973 TRACE_ID INFO  main FilterAutoConfiguration allowedOrigin: http://localhost:3000
2025-09-02 07:02:49.973 TRACE_ID INFO  main FilterAutoConfiguration allowedOrigin: http://localhost:3001
2025-09-02 07:02:49.973 TRACE_ID INFO  main FilterAutoConfiguration allowedOrigin: http://192.168.1.14:3000
2025-09-02 07:02:49.973 TRACE_ID INFO  main FilterAutoConfiguration allowedOrigin: http://192.168.1.14:3001
2025-09-02 07:02:49.991 TRACE_ID INFO  main MonolithicFilterAutoConfiguration Initializing MonolithicFilterAutoConfiguration
2025-09-02 07:02:50.022 TRACE_ID INFO  main AuthcAutoConfiguration Initializing AuthcAutoConfiguration
2025-09-02 07:02:50.087 TRACE_ID INFO  main AuthcAutoConfiguration$RedisSessionDaoConfig Initializing RedisSessionDaoConfig
2025-09-02 07:02:50.899 TRACE_ID INFO  main SpringUserLoginController SpringUserLoginController
2025-09-02 07:02:50.967 TRACE_ID INFO  main SparrowAutoConfiguration online password J889wet3xdBaKzJE
2025-09-02 07:02:50.967 TRACE_ID INFO  main SparrowAutoConfiguration final password J889wet3xdBaKzJE
2025-09-02 07:02:53.628 TRACE_ID INFO  main UserProfileService UserProfileService init
2025-09-02 07:03:21.190 TRACE_ID INFO  main CaptchaAutoConfiguration CaptchaAutoConfiguration init
2025-09-02 07:03:21.195 TRACE_ID INFO  main SparrowAutoConfiguration Sparrow Auto Configuration INIT
2025-09-02 07:03:21.198 TRACE_ID INFO  main SparrowConfig SparrowConfig init
2025-09-02 07:03:21.202 TRACE_ID INFO  main SparrowConfig data source config init
2025-09-02 07:03:21.279 TRACE_ID INFO  main FilterAutoConfiguration Sparrow Auto Configuration INIT
2025-09-02 07:03:21.328 TRACE_ID INFO  main FilterAutoConfiguration allowedOrigin: http://www.sparrowzoo.com
2025-09-02 07:03:21.328 TRACE_ID INFO  main FilterAutoConfiguration allowedOrigin: http://passport.sparrowzoo.com
2025-09-02 07:03:21.328 TRACE_ID INFO  main FilterAutoConfiguration allowedOrigin: http://localhost:3000
2025-09-02 07:03:21.328 TRACE_ID INFO  main FilterAutoConfiguration allowedOrigin: http://localhost:3001
2025-09-02 07:03:21.328 TRACE_ID INFO  main FilterAutoConfiguration allowedOrigin: http://192.168.1.14:3000
2025-09-02 07:03:21.328 TRACE_ID INFO  main FilterAutoConfiguration allowedOrigin: http://192.168.1.14:3001
2025-09-02 07:03:21.421 TRACE_ID INFO  main MonolithicFilterAutoConfiguration Initializing MonolithicFilterAutoConfiguration
2025-09-02 07:03:21.489 TRACE_ID INFO  main AuthcAutoConfiguration Initializing AuthcAutoConfiguration
2025-09-02 07:03:21.523 TRACE_ID INFO  main AuthcAutoConfiguration$RedisSessionDaoConfig Initializing RedisSessionDaoConfig
2025-09-02 07:03:24.491 TRACE_ID INFO  main AttachServiceImpl init AttachService
2025-09-02 07:10:02.368 TRACE_ID INFO  main CaptchaAutoConfiguration CaptchaAutoConfiguration init
2025-09-02 07:10:02.376 TRACE_ID INFO  main SparrowAutoConfiguration Sparrow Auto Configuration INIT
2025-09-02 07:10:02.381 TRACE_ID INFO  main SparrowConfig SparrowConfig init
2025-09-02 07:10:02.388 TRACE_ID INFO  main SparrowConfig data source config init
2025-09-02 07:10:02.492 TRACE_ID INFO  main FilterAutoConfiguration Sparrow Auto Configuration INIT
2025-09-02 07:10:02.546 TRACE_ID INFO  main FilterAutoConfiguration allowedOrigin: http://www.sparrowzoo.com
2025-09-02 07:10:02.546 TRACE_ID INFO  main FilterAutoConfiguration allowedOrigin: http://passport.sparrowzoo.com
2025-09-02 07:10:02.547 TRACE_ID INFO  main FilterAutoConfiguration allowedOrigin: http://localhost:3000
2025-09-02 07:10:02.547 TRACE_ID INFO  main FilterAutoConfiguration allowedOrigin: http://localhost:3001
2025-09-02 07:10:02.547 TRACE_ID INFO  main FilterAutoConfiguration allowedOrigin: http://192.168.1.14:3000
2025-09-02 07:10:02.547 TRACE_ID INFO  main FilterAutoConfiguration allowedOrigin: http://192.168.1.14:3001
2025-09-02 07:10:02.600 TRACE_ID INFO  main MonolithicFilterAutoConfiguration Initializing MonolithicFilterAutoConfiguration
2025-09-02 07:10:02.652 TRACE_ID INFO  main AuthcAutoConfiguration Initializing AuthcAutoConfiguration
2025-09-02 07:10:02.700 TRACE_ID INFO  main AuthcAutoConfiguration$RedisSessionDaoConfig Initializing RedisSessionDaoConfig
2025-09-02 07:10:06.034 TRACE_ID INFO  main AttachServiceImpl init AttachService
2025-09-02 07:10:32.169 TRACE_ID INFO  main CaptchaAutoConfiguration CaptchaAutoConfiguration init
2025-09-02 07:10:32.175 TRACE_ID INFO  main SparrowAutoConfiguration Sparrow Auto Configuration INIT
2025-09-02 07:10:32.181 TRACE_ID INFO  main SparrowConfig SparrowConfig init
2025-09-02 07:10:32.184 TRACE_ID INFO  main SparrowConfig data source config init
2025-09-02 07:10:32.227 TRACE_ID INFO  main FilterAutoConfiguration Sparrow Auto Configuration INIT
2025-09-02 07:10:32.256 TRACE_ID INFO  main FilterAutoConfiguration allowedOrigin: http://www.sparrowzoo.com
2025-09-02 07:10:32.256 TRACE_ID INFO  main FilterAutoConfiguration allowedOrigin: http://passport.sparrowzoo.com
2025-09-02 07:10:32.257 TRACE_ID INFO  main FilterAutoConfiguration allowedOrigin: http://localhost:3000
2025-09-02 07:10:32.257 TRACE_ID INFO  main FilterAutoConfiguration allowedOrigin: http://localhost:3001
2025-09-02 07:10:32.257 TRACE_ID INFO  main FilterAutoConfiguration allowedOrigin: http://192.168.1.14:3000
2025-09-02 07:10:32.257 TRACE_ID INFO  main FilterAutoConfiguration allowedOrigin: http://192.168.1.14:3001
2025-09-02 07:10:32.285 TRACE_ID INFO  main MonolithicFilterAutoConfiguration Initializing MonolithicFilterAutoConfiguration
2025-09-02 07:10:32.374 TRACE_ID INFO  main AuthcAutoConfiguration Initializing AuthcAutoConfiguration
2025-09-02 07:10:32.794 TRACE_ID INFO  main EnumsAutoConfiguration EnumsAutoConfiguration init
2025-09-02 07:10:35.108 TRACE_ID INFO  main AttachServiceImpl init AttachService
2025-09-02 07:10:35.705 TRACE_ID INFO  main TemplateEngineAutoConfiguration TemplateEngineAutoConfiguration init
2025-09-02 07:10:37.604 TRACE_ID INFO  main AuthcAutoConfiguration$RedisSessionDaoConfig Initializing RedisSessionDaoConfig
2025-09-02 07:10:37.607 TRACE_ID INFO  main BasicAutoConfiguration Initializing BasicAutoConfiguration
2025-09-02 07:10:38.613 TRACE_ID INFO  main SparrowAutoConfiguration online password J889wet3xdBaKzJE
2025-09-02 07:10:38.615 TRACE_ID INFO  main SparrowAutoConfiguration final password J889wet3xdBaKzJE
2025-09-02 07:11:41.031 TRACE_ID INFO  http-nio-8888-exec-2 ClientInformationFilter client ip 0
2025-09-02 07:11:41.031 TRACE_ID INFO  http-nio-8888-exec-1 ClientInformationFilter client ip 0
2025-09-02 07:11:41.066 TRACE_ID INFO  http-nio-8888-exec-1 ClientInformationFilter device type COMPUTER,browser type WEB_BROWSER
2025-09-02 07:11:41.066 TRACE_ID INFO  http-nio-8888-exec-2 ClientInformationFilter device type COMPUTER,browser type WEB_BROWSER
2025-09-02 07:11:41.076 TRACE_ID INFO  http-nio-8888-exec-1 MonolithicBearerFilter exclude url /favicon.ico
2025-09-02 07:11:41.076 TRACE_ID INFO  http-nio-8888-exec-2 MonolithicBearerFilter exclude url /swagger-resources
2025-09-02 07:11:47.907 TRACE_ID INFO  http-nio-8888-exec-3 ClientInformationFilter client ip 0
2025-09-02 07:11:47.909 TRACE_ID INFO  http-nio-8888-exec-3 ClientInformationFilter device type COMPUTER,browser type WEB_BROWSER
2025-09-02 07:11:47.910 TRACE_ID INFO  http-nio-8888-exec-3 MonolithicBearerFilter exclude url /v2/api-docs
2025-09-02 07:18:26.353 TRACE_ID INFO  main CaptchaAutoConfiguration CaptchaAutoConfiguration init
2025-09-02 07:18:26.358 TRACE_ID INFO  main SparrowAutoConfiguration Sparrow Auto Configuration INIT
2025-09-02 07:18:26.363 TRACE_ID INFO  main SparrowConfig SparrowConfig init
2025-09-02 07:18:26.367 TRACE_ID INFO  main SparrowConfig data source config init
2025-09-02 07:18:26.445 TRACE_ID INFO  main FilterAutoConfiguration Sparrow Auto Configuration INIT
2025-09-02 07:18:26.471 TRACE_ID INFO  main FilterAutoConfiguration allowedOrigin: http://www.sparrowzoo.com
2025-09-02 07:18:26.471 TRACE_ID INFO  main FilterAutoConfiguration allowedOrigin: http://passport.sparrowzoo.com
2025-09-02 07:18:26.471 TRACE_ID INFO  main FilterAutoConfiguration allowedOrigin: http://localhost:3000
2025-09-02 07:18:26.471 TRACE_ID INFO  main FilterAutoConfiguration allowedOrigin: http://localhost:3001
2025-09-02 07:18:26.471 TRACE_ID INFO  main FilterAutoConfiguration allowedOrigin: http://192.168.1.14:3000
2025-09-02 07:18:26.471 TRACE_ID INFO  main FilterAutoConfiguration allowedOrigin: http://192.168.1.14:3001
2025-09-02 07:18:26.490 TRACE_ID INFO  main MonolithicFilterAutoConfiguration Initializing MonolithicFilterAutoConfiguration
2025-09-02 07:18:26.526 TRACE_ID INFO  main AuthcAutoConfiguration Initializing AuthcAutoConfiguration
2025-09-02 07:18:26.587 TRACE_ID INFO  main AuthcAutoConfiguration$RedisSessionDaoConfig Initializing RedisSessionDaoConfig
2025-09-02 07:19:07.125 TRACE_ID INFO  main CaptchaAutoConfiguration CaptchaAutoConfiguration init
2025-09-02 07:19:07.132 TRACE_ID INFO  main SparrowAutoConfiguration Sparrow Auto Configuration INIT
2025-09-02 07:19:07.135 TRACE_ID INFO  main SparrowConfig SparrowConfig init
2025-09-02 07:19:07.143 TRACE_ID INFO  main SparrowConfig data source config init
2025-09-02 07:19:07.222 TRACE_ID INFO  main FilterAutoConfiguration Sparrow Auto Configuration INIT
2025-09-02 07:19:07.253 TRACE_ID INFO  main FilterAutoConfiguration allowedOrigin: http://www.sparrowzoo.com
2025-09-02 07:19:07.254 TRACE_ID INFO  main FilterAutoConfiguration allowedOrigin: http://passport.sparrowzoo.com
2025-09-02 07:19:07.254 TRACE_ID INFO  main FilterAutoConfiguration allowedOrigin: http://localhost:3000
2025-09-02 07:19:07.254 TRACE_ID INFO  main FilterAutoConfiguration allowedOrigin: http://localhost:3001
2025-09-02 07:19:07.254 TRACE_ID INFO  main FilterAutoConfiguration allowedOrigin: http://192.168.1.14:3000
2025-09-02 07:19:07.254 TRACE_ID INFO  main FilterAutoConfiguration allowedOrigin: http://192.168.1.14:3001
2025-09-02 07:19:07.277 TRACE_ID INFO  main MonolithicFilterAutoConfiguration Initializing MonolithicFilterAutoConfiguration
2025-09-02 07:19:07.309 TRACE_ID INFO  main AuthcAutoConfiguration Initializing AuthcAutoConfiguration
2025-09-02 07:19:07.593 TRACE_ID INFO  main EnumsAutoConfiguration EnumsAutoConfiguration init
2025-09-02 07:19:08.091 TRACE_ID INFO  main TemplateEngineAutoConfiguration TemplateEngineAutoConfiguration init
2025-09-02 07:19:10.026 TRACE_ID INFO  main AuthcAutoConfiguration$RedisSessionDaoConfig Initializing RedisSessionDaoConfig
2025-09-02 07:19:10.027 TRACE_ID INFO  main BasicAutoConfiguration Initializing BasicAutoConfiguration
2025-09-02 07:19:10.820 TRACE_ID INFO  main SparrowAutoConfiguration online password J889wet3xdBaKzJE
2025-09-02 07:19:10.821 TRACE_ID INFO  main SparrowAutoConfiguration final password J889wet3xdBaKzJE
2025-09-02 07:19:42.121 TRACE_ID INFO  main CaptchaAutoConfiguration CaptchaAutoConfiguration init
2025-09-02 07:19:42.128 TRACE_ID INFO  main SparrowAutoConfiguration Sparrow Auto Configuration INIT
2025-09-02 07:19:42.133 TRACE_ID INFO  main SparrowConfig SparrowConfig init
2025-09-02 07:19:42.141 TRACE_ID INFO  main SparrowConfig data source config init
2025-09-02 07:19:42.205 TRACE_ID INFO  main FilterAutoConfiguration Sparrow Auto Configuration INIT
2025-09-02 07:19:42.236 TRACE_ID INFO  main FilterAutoConfiguration allowedOrigin: http://www.sparrowzoo.com
2025-09-02 07:19:42.237 TRACE_ID INFO  main FilterAutoConfiguration allowedOrigin: http://passport.sparrowzoo.com
2025-09-02 07:19:42.237 TRACE_ID INFO  main FilterAutoConfiguration allowedOrigin: http://localhost:3000
2025-09-02 07:19:42.237 TRACE_ID INFO  main FilterAutoConfiguration allowedOrigin: http://localhost:3001
2025-09-02 07:19:42.237 TRACE_ID INFO  main FilterAutoConfiguration allowedOrigin: http://192.168.1.14:3000
2025-09-02 07:19:42.237 TRACE_ID INFO  main FilterAutoConfiguration allowedOrigin: http://192.168.1.14:3001
2025-09-02 07:19:42.266 TRACE_ID INFO  main MonolithicFilterAutoConfiguration Initializing MonolithicFilterAutoConfiguration
2025-09-02 07:19:42.289 TRACE_ID INFO  main AuthcAutoConfiguration Initializing AuthcAutoConfiguration
2025-09-02 07:19:42.684 TRACE_ID INFO  main EnumsAutoConfiguration EnumsAutoConfiguration init
2025-09-02 07:19:42.761 TRACE_ID INFO  main SpringUserLoginController SpringUserLoginController
2025-09-02 07:19:42.774 TRACE_ID INFO  main SparrowAutoConfiguration online password J889wet3xdBaKzJE
2025-09-02 07:19:42.775 TRACE_ID INFO  main SparrowAutoConfiguration final password J889wet3xdBaKzJE
2025-09-02 07:19:49.002 TRACE_ID INFO  main UserProfileService UserProfileService init
2025-09-02 07:20:13.739 TRACE_ID INFO  main CaptchaAutoConfiguration CaptchaAutoConfiguration init
2025-09-02 07:20:13.745 TRACE_ID INFO  main SparrowAutoConfiguration Sparrow Auto Configuration INIT
2025-09-02 07:20:13.750 TRACE_ID INFO  main SparrowConfig SparrowConfig init
2025-09-02 07:20:13.751 TRACE_ID INFO  main SparrowConfig data source config init
2025-09-02 07:20:13.797 TRACE_ID INFO  main FilterAutoConfiguration Sparrow Auto Configuration INIT
2025-09-02 07:20:13.829 TRACE_ID INFO  main FilterAutoConfiguration allowedOrigin: http://www.sparrowzoo.com
2025-09-02 07:20:13.829 TRACE_ID INFO  main FilterAutoConfiguration allowedOrigin: http://passport.sparrowzoo.com
2025-09-02 07:20:13.829 TRACE_ID INFO  main FilterAutoConfiguration allowedOrigin: http://localhost:3000
2025-09-02 07:20:13.829 TRACE_ID INFO  main FilterAutoConfiguration allowedOrigin: http://localhost:3001
2025-09-02 07:20:13.829 TRACE_ID INFO  main FilterAutoConfiguration allowedOrigin: http://192.168.1.14:3000
2025-09-02 07:20:13.829 TRACE_ID INFO  main FilterAutoConfiguration allowedOrigin: http://192.168.1.14:3001
2025-09-02 07:20:13.852 TRACE_ID INFO  main MonolithicFilterAutoConfiguration Initializing MonolithicFilterAutoConfiguration
2025-09-02 07:20:13.884 TRACE_ID INFO  main AuthcAutoConfiguration Initializing AuthcAutoConfiguration
2025-09-02 07:20:14.306 TRACE_ID INFO  main EnumsAutoConfiguration EnumsAutoConfiguration init
2025-09-02 07:20:14.382 TRACE_ID INFO  main SpringUserLoginController SpringUserLoginController
2025-09-02 07:20:14.415 TRACE_ID INFO  main SparrowAutoConfiguration online password J889wet3xdBaKzJE
2025-09-02 07:20:14.416 TRACE_ID INFO  main SparrowAutoConfiguration final password J889wet3xdBaKzJE
2025-09-02 07:20:22.748 TRACE_ID INFO  main UserProfileService UserProfileService init
2025-09-02 07:21:23.304 TRACE_ID INFO  main CaptchaAutoConfiguration CaptchaAutoConfiguration init
2025-09-02 07:21:23.314 TRACE_ID INFO  main SparrowAutoConfiguration Sparrow Auto Configuration INIT
2025-09-02 07:21:23.321 TRACE_ID INFO  main SparrowConfig SparrowConfig init
2025-09-02 07:21:23.329 TRACE_ID INFO  main SparrowConfig data source config init
2025-09-02 07:21:23.420 TRACE_ID INFO  main FilterAutoConfiguration Sparrow Auto Configuration INIT
2025-09-02 07:21:23.463 TRACE_ID INFO  main FilterAutoConfiguration allowedOrigin: http://www.sparrowzoo.com
2025-09-02 07:21:23.464 TRACE_ID INFO  main FilterAutoConfiguration allowedOrigin: http://passport.sparrowzoo.com
2025-09-02 07:21:23.464 TRACE_ID INFO  main FilterAutoConfiguration allowedOrigin: http://localhost:3000
2025-09-02 07:21:23.464 TRACE_ID INFO  main FilterAutoConfiguration allowedOrigin: http://localhost:3001
2025-09-02 07:21:23.464 TRACE_ID INFO  main FilterAutoConfiguration allowedOrigin: http://192.168.1.14:3000
2025-09-02 07:21:23.464 TRACE_ID INFO  main FilterAutoConfiguration allowedOrigin: http://192.168.1.14:3001
2025-09-02 07:21:23.488 TRACE_ID INFO  main MonolithicFilterAutoConfiguration Initializing MonolithicFilterAutoConfiguration
2025-09-02 07:21:23.518 TRACE_ID INFO  main AuthcAutoConfiguration Initializing AuthcAutoConfiguration
2025-09-02 07:21:25.733 TRACE_ID INFO  main EnumsAutoConfiguration EnumsAutoConfiguration init
2025-09-02 07:21:25.820 TRACE_ID INFO  main SpringUserLoginController SpringUserLoginController
2025-09-02 07:21:25.868 TRACE_ID INFO  main SparrowAutoConfiguration online password J889wet3xdBaKzJE
2025-09-02 07:21:25.869 TRACE_ID INFO  main SparrowAutoConfiguration final password J889wet3xdBaKzJE
2025-09-02 07:21:28.383 TRACE_ID INFO  main UserProfileService UserProfileService init
2025-09-02 07:23:46.565 TRACE_ID INFO  main CaptchaAutoConfiguration CaptchaAutoConfiguration init
2025-09-02 07:23:46.573 TRACE_ID INFO  main SparrowAutoConfiguration Sparrow Auto Configuration INIT
2025-09-02 07:23:46.580 TRACE_ID INFO  main SparrowConfig SparrowConfig init
2025-09-02 07:23:46.632 TRACE_ID INFO  main SparrowConfig data source config init
2025-09-02 07:23:46.645 TRACE_ID INFO  main FilterAutoConfiguration Sparrow Auto Configuration INIT
2025-09-02 07:23:46.678 TRACE_ID INFO  main FilterAutoConfiguration allowedOrigin: http://www.sparrowzoo.com
2025-09-02 07:23:46.679 TRACE_ID INFO  main FilterAutoConfiguration allowedOrigin: http://passport.sparrowzoo.com
2025-09-02 07:23:46.679 TRACE_ID INFO  main FilterAutoConfiguration allowedOrigin: http://localhost:3000
2025-09-02 07:23:46.679 TRACE_ID INFO  main FilterAutoConfiguration allowedOrigin: http://localhost:3001
2025-09-02 07:23:46.679 TRACE_ID INFO  main FilterAutoConfiguration allowedOrigin: http://192.168.1.14:3000
2025-09-02 07:23:46.679 TRACE_ID INFO  main FilterAutoConfiguration allowedOrigin: http://192.168.1.14:3001
2025-09-02 07:23:46.699 TRACE_ID INFO  main MonolithicFilterAutoConfiguration Initializing MonolithicFilterAutoConfiguration
2025-09-02 07:23:46.737 TRACE_ID INFO  main AuthcAutoConfiguration Initializing AuthcAutoConfiguration
2025-09-02 07:23:50.119 TRACE_ID INFO  main EnumsAutoConfiguration EnumsAutoConfiguration init
2025-09-02 07:23:50.234 TRACE_ID INFO  main SpringUserLoginController SpringUserLoginController
2025-09-02 07:23:50.293 TRACE_ID INFO  main SparrowAutoConfiguration online password J889wet3xdBaKzJE
2025-09-02 07:23:50.295 TRACE_ID INFO  main SparrowAutoConfiguration final password J889wet3xdBaKzJE
2025-09-02 07:24:01.060 TRACE_ID INFO  main UserProfileService UserProfileService init
2025-09-02 07:27:52.576 TRACE_ID INFO  main CaptchaAutoConfiguration CaptchaAutoConfiguration init
2025-09-02 07:27:52.590 TRACE_ID INFO  main SparrowAutoConfiguration Sparrow Auto Configuration INIT
2025-09-02 07:27:52.607 TRACE_ID INFO  main SparrowConfig SparrowConfig init
2025-09-02 07:27:52.620 TRACE_ID INFO  main SparrowConfig data source config init
2025-09-02 07:27:52.731 TRACE_ID INFO  main FilterAutoConfiguration Sparrow Auto Configuration INIT
2025-09-02 07:27:52.799 TRACE_ID INFO  main FilterAutoConfiguration allowedOrigin: http://www.sparrowzoo.com
2025-09-02 07:27:52.799 TRACE_ID INFO  main FilterAutoConfiguration allowedOrigin: http://passport.sparrowzoo.com
2025-09-02 07:27:52.799 TRACE_ID INFO  main FilterAutoConfiguration allowedOrigin: http://localhost:3000
2025-09-02 07:27:52.799 TRACE_ID INFO  main FilterAutoConfiguration allowedOrigin: http://localhost:3001
2025-09-02 07:27:52.799 TRACE_ID INFO  main FilterAutoConfiguration allowedOrigin: http://192.168.1.14:3000
2025-09-02 07:27:52.799 TRACE_ID INFO  main FilterAutoConfiguration allowedOrigin: http://192.168.1.14:3001
2025-09-02 07:27:52.838 TRACE_ID INFO  main MonolithicFilterAutoConfiguration Initializing MonolithicFilterAutoConfiguration
2025-09-02 07:27:52.920 TRACE_ID INFO  main AuthcAutoConfiguration Initializing AuthcAutoConfiguration
2025-09-02 07:27:57.319 TRACE_ID INFO  main EnumsAutoConfiguration EnumsAutoConfiguration init
2025-09-02 07:27:59.813 TRACE_ID INFO  main AttachServiceImpl init AttachService
2025-09-02 07:27:59.892 TRACE_ID INFO  main SpringUserLoginController SpringUserLoginController
2025-09-02 07:27:59.950 TRACE_ID INFO  main SparrowAutoConfiguration online password J889wet3xdBaKzJE
2025-09-02 07:27:59.951 TRACE_ID INFO  main SparrowAutoConfiguration final password J889wet3xdBaKzJE
2025-09-02 07:28:02.370 TRACE_ID INFO  main UserProfileService UserProfileService init
2025-09-02 07:28:04.582 TRACE_ID INFO  main TemplateEngineAutoConfiguration TemplateEngineAutoConfiguration init
2025-09-02 07:28:10.691 TRACE_ID INFO  main AuthcAutoConfiguration$RedisSessionDaoConfig Initializing RedisSessionDaoConfig
2025-09-02 07:28:10.702 TRACE_ID INFO  main BasicAutoConfiguration Initializing BasicAutoConfiguration
2025-09-02 09:08:51.163 TRACE_ID INFO  main CaptchaAutoConfiguration CaptchaAutoConfiguration init
2025-09-02 09:08:51.172 TRACE_ID INFO  main SparrowAutoConfiguration Sparrow Auto Configuration INIT
2025-09-02 09:08:51.183 TRACE_ID INFO  main SparrowConfig SparrowConfig init
2025-09-02 09:08:51.242 TRACE_ID INFO  main SparrowConfig data source config init
2025-09-02 09:08:51.257 TRACE_ID INFO  main FilterAutoConfiguration Sparrow Auto Configuration INIT
2025-09-02 09:08:51.287 TRACE_ID INFO  main FilterAutoConfiguration allowedOrigin: http://www.sparrowzoo.com
2025-09-02 09:08:51.287 TRACE_ID INFO  main FilterAutoConfiguration allowedOrigin: http://passport.sparrowzoo.com
2025-09-02 09:08:51.287 TRACE_ID INFO  main FilterAutoConfiguration allowedOrigin: http://localhost:3000
2025-09-02 09:08:51.287 TRACE_ID INFO  main FilterAutoConfiguration allowedOrigin: http://localhost:3001
2025-09-02 09:08:51.287 TRACE_ID INFO  main FilterAutoConfiguration allowedOrigin: http://192.168.1.14:3000
2025-09-02 09:08:51.287 TRACE_ID INFO  main FilterAutoConfiguration allowedOrigin: http://192.168.1.14:3001
2025-09-02 09:08:51.304 TRACE_ID INFO  main MonolithicFilterAutoConfiguration Initializing MonolithicFilterAutoConfiguration
2025-09-02 09:08:51.338 TRACE_ID INFO  main AuthcAutoConfiguration Initializing AuthcAutoConfiguration
2025-09-02 09:08:54.267 TRACE_ID INFO  main EnumsAutoConfiguration EnumsAutoConfiguration init
2025-09-02 09:08:55.599 TRACE_ID INFO  main AttachServiceImpl init AttachService
2025-09-02 09:08:55.676 TRACE_ID INFO  main SpringUserLoginController SpringUserLoginController
2025-09-02 09:08:55.719 TRACE_ID INFO  main SparrowAutoConfiguration online password J889wet3xdBaKzJE
2025-09-02 09:08:55.720 TRACE_ID INFO  main SparrowAutoConfiguration final password J889wet3xdBaKzJE
2025-09-02 09:08:58.175 TRACE_ID INFO  main UserProfileService UserProfileService init
2025-09-02 09:08:59.421 TRACE_ID INFO  main TemplateEngineAutoConfiguration TemplateEngineAutoConfiguration init
2025-09-02 09:09:01.761 TRACE_ID INFO  main AuthcAutoConfiguration$RedisSessionDaoConfig Initializing RedisSessionDaoConfig
2025-09-02 09:09:01.765 TRACE_ID INFO  main BasicAutoConfiguration Initializing BasicAutoConfiguration
2025-09-02 09:09:57.794 TRACE_ID INFO  main CaptchaAutoConfiguration CaptchaAutoConfiguration init
2025-09-02 09:09:57.802 TRACE_ID INFO  main SparrowAutoConfiguration Sparrow Auto Configuration INIT
2025-09-02 09:09:57.810 TRACE_ID INFO  main SparrowConfig SparrowConfig init
2025-09-02 09:09:57.819 TRACE_ID INFO  main SparrowConfig data source config init
2025-09-02 09:09:57.887 TRACE_ID INFO  main FilterAutoConfiguration Sparrow Auto Configuration INIT
2025-09-02 09:09:57.922 TRACE_ID INFO  main FilterAutoConfiguration allowedOrigin: http://www.sparrowzoo.com
2025-09-02 09:09:57.923 TRACE_ID INFO  main FilterAutoConfiguration allowedOrigin: http://passport.sparrowzoo.com
2025-09-02 09:09:57.923 TRACE_ID INFO  main FilterAutoConfiguration allowedOrigin: http://localhost:3000
2025-09-02 09:09:57.923 TRACE_ID INFO  main FilterAutoConfiguration allowedOrigin: http://localhost:3001
2025-09-02 09:09:57.923 TRACE_ID INFO  main FilterAutoConfiguration allowedOrigin: http://192.168.1.14:3000
2025-09-02 09:09:57.923 TRACE_ID INFO  main FilterAutoConfiguration allowedOrigin: http://192.168.1.14:3001
2025-09-02 09:09:57.945 TRACE_ID INFO  main MonolithicFilterAutoConfiguration Initializing MonolithicFilterAutoConfiguration
2025-09-02 09:09:57.973 TRACE_ID INFO  main AuthcAutoConfiguration Initializing AuthcAutoConfiguration
2025-09-02 09:10:01.586 TRACE_ID INFO  main EnumsAutoConfiguration EnumsAutoConfiguration init
2025-09-02 09:10:01.697 TRACE_ID INFO  main SpringUserLoginController SpringUserLoginController
2025-09-02 09:10:01.745 TRACE_ID INFO  main SparrowAutoConfiguration online password J889wet3xdBaKzJE
2025-09-02 09:10:01.746 TRACE_ID INFO  main SparrowAutoConfiguration final password J889wet3xdBaKzJE
2025-09-02 09:10:04.767 TRACE_ID INFO  main UserProfileService UserProfileService init
2025-09-02 09:14:10.670 TRACE_ID INFO  main CaptchaAutoConfiguration CaptchaAutoConfiguration init
2025-09-02 09:14:10.802 TRACE_ID INFO  main SparrowAutoConfiguration Sparrow Auto Configuration INIT
2025-09-02 09:14:10.955 TRACE_ID INFO  main SparrowConfig SparrowConfig init
2025-09-02 09:14:12.106 TRACE_ID INFO  main SparrowConfig data source config init
2025-09-02 09:14:12.503 TRACE_ID INFO  main FilterAutoConfiguration Sparrow Auto Configuration INIT
2025-09-02 09:14:13.349 TRACE_ID INFO  main FilterAutoConfiguration allowedOrigin: http://www.sparrowzoo.com
2025-09-02 09:14:13.351 TRACE_ID INFO  main FilterAutoConfiguration allowedOrigin: http://passport.sparrowzoo.com
2025-09-02 09:14:13.353 TRACE_ID INFO  main FilterAutoConfiguration allowedOrigin: http://localhost:3000
2025-09-02 09:14:13.356 TRACE_ID INFO  main FilterAutoConfiguration allowedOrigin: http://localhost:3001
2025-09-02 09:14:13.358 TRACE_ID INFO  main FilterAutoConfiguration allowedOrigin: http://192.168.1.14:3000
2025-09-02 09:14:13.360 TRACE_ID INFO  main FilterAutoConfiguration allowedOrigin: http://192.168.1.14:3001
2025-09-02 09:14:14.145 TRACE_ID INFO  main MonolithicFilterAutoConfiguration Initializing MonolithicFilterAutoConfiguration
2025-09-02 09:14:15.107 TRACE_ID INFO  main AuthcAutoConfiguration Initializing AuthcAutoConfiguration
2025-09-02 09:14:38.420 TRACE_ID INFO  main EnumsAutoConfiguration EnumsAutoConfiguration init
2025-09-02 09:14:41.136 TRACE_ID INFO  main SpringUserLoginController SpringUserLoginController
2025-09-02 09:14:42.421 TRACE_ID INFO  main SparrowAutoConfiguration online password J889wet3xdBaKzJE
2025-09-02 09:14:42.423 TRACE_ID INFO  main SparrowAutoConfiguration final password J889wet3xdBaKzJE
2025-09-02 09:14:47.581 TRACE_ID INFO  main UserProfileService UserProfileService init
2025-09-02 09:15:53.431 TRACE_ID INFO  main CaptchaAutoConfiguration CaptchaAutoConfiguration init
2025-09-02 09:15:53.546 TRACE_ID INFO  main SparrowAutoConfiguration Sparrow Auto Configuration INIT
2025-09-02 09:15:53.680 TRACE_ID INFO  main SparrowConfig SparrowConfig init
2025-09-02 09:15:53.882 TRACE_ID INFO  main SparrowConfig data source config init
2025-09-02 09:15:55.173 TRACE_ID INFO  main FilterAutoConfiguration Sparrow Auto Configuration INIT
2025-09-02 09:15:55.956 TRACE_ID INFO  main FilterAutoConfiguration allowedOrigin: http://www.sparrowzoo.com
2025-09-02 09:15:55.958 TRACE_ID INFO  main FilterAutoConfiguration allowedOrigin: http://passport.sparrowzoo.com
2025-09-02 09:15:55.960 TRACE_ID INFO  main FilterAutoConfiguration allowedOrigin: http://localhost:3000
2025-09-02 09:15:55.962 TRACE_ID INFO  main FilterAutoConfiguration allowedOrigin: http://localhost:3001
2025-09-02 09:15:55.964 TRACE_ID INFO  main FilterAutoConfiguration allowedOrigin: http://192.168.1.14:3000
2025-09-02 09:15:55.966 TRACE_ID INFO  main FilterAutoConfiguration allowedOrigin: http://192.168.1.14:3001
2025-09-02 09:15:56.707 TRACE_ID INFO  main MonolithicFilterAutoConfiguration Initializing MonolithicFilterAutoConfiguration
2025-09-02 09:15:57.613 TRACE_ID INFO  main AuthcAutoConfiguration Initializing AuthcAutoConfiguration
2025-09-02 09:15:58.298 TRACE_ID INFO  main AuthcAutoConfiguration$RedisSessionDaoConfig Initializing RedisSessionDaoConfig
2025-09-02 09:16:19.272 TRACE_ID INFO  main TemplateEngineAutoConfiguration TemplateEngineAutoConfiguration init
2025-09-02 09:17:31.054 TRACE_ID INFO  main CaptchaAutoConfiguration CaptchaAutoConfiguration init
2025-09-02 09:17:31.172 TRACE_ID INFO  main SparrowAutoConfiguration Sparrow Auto Configuration INIT
2025-09-02 09:17:31.307 TRACE_ID INFO  main SparrowConfig SparrowConfig init
2025-09-02 09:17:31.522 TRACE_ID INFO  main SparrowConfig data source config init
2025-09-02 09:17:32.770 TRACE_ID INFO  main FilterAutoConfiguration Sparrow Auto Configuration INIT
2025-09-02 09:17:33.547 TRACE_ID INFO  main FilterAutoConfiguration allowedOrigin: http://www.sparrowzoo.com
2025-09-02 09:17:33.549 TRACE_ID INFO  main FilterAutoConfiguration allowedOrigin: http://passport.sparrowzoo.com
2025-09-02 09:17:33.551 TRACE_ID INFO  main FilterAutoConfiguration allowedOrigin: http://localhost:3000
2025-09-02 09:17:33.554 TRACE_ID INFO  main FilterAutoConfiguration allowedOrigin: http://localhost:3001
2025-09-02 09:17:33.556 TRACE_ID INFO  main FilterAutoConfiguration allowedOrigin: http://192.168.1.14:3000
2025-09-02 09:17:33.558 TRACE_ID INFO  main FilterAutoConfiguration allowedOrigin: http://192.168.1.14:3001
2025-09-02 09:17:34.299 TRACE_ID INFO  main MonolithicFilterAutoConfiguration Initializing MonolithicFilterAutoConfiguration
2025-09-02 09:17:35.207 TRACE_ID INFO  main AuthcAutoConfiguration Initializing AuthcAutoConfiguration
2025-09-02 09:17:35.957 TRACE_ID INFO  main AuthcAutoConfiguration$RedisSessionDaoConfig Initializing RedisSessionDaoConfig
2025-09-02 09:17:52.173 TRACE_ID INFO  main AttachServiceImpl init AttachService
2025-09-02 09:18:01.209 TRACE_ID INFO  main TemplateEngineAutoConfiguration TemplateEngineAutoConfiguration init
2025-09-02 09:18:36.166 TRACE_ID INFO  main CaptchaAutoConfiguration CaptchaAutoConfiguration init
2025-09-02 09:18:36.170 TRACE_ID INFO  main SparrowAutoConfiguration Sparrow Auto Configuration INIT
2025-09-02 09:18:36.176 TRACE_ID INFO  main SparrowConfig SparrowConfig init
2025-09-02 09:18:36.228 TRACE_ID INFO  main SparrowConfig data source config init
2025-09-02 09:18:36.244 TRACE_ID INFO  main FilterAutoConfiguration Sparrow Auto Configuration INIT
2025-09-02 09:18:36.274 TRACE_ID INFO  main FilterAutoConfiguration allowedOrigin: http://www.sparrowzoo.com
2025-09-02 09:18:36.275 TRACE_ID INFO  main FilterAutoConfiguration allowedOrigin: http://passport.sparrowzoo.com
2025-09-02 09:18:36.275 TRACE_ID INFO  main FilterAutoConfiguration allowedOrigin: http://localhost:3000
2025-09-02 09:18:36.275 TRACE_ID INFO  main FilterAutoConfiguration allowedOrigin: http://localhost:3001
2025-09-02 09:18:36.275 TRACE_ID INFO  main FilterAutoConfiguration allowedOrigin: http://192.168.1.14:3000
2025-09-02 09:18:36.275 TRACE_ID INFO  main FilterAutoConfiguration allowedOrigin: http://192.168.1.14:3001
2025-09-02 09:18:36.295 TRACE_ID INFO  main MonolithicFilterAutoConfiguration Initializing MonolithicFilterAutoConfiguration
2025-09-02 09:18:36.326 TRACE_ID INFO  main AuthcAutoConfiguration Initializing AuthcAutoConfiguration
2025-09-02 09:18:36.385 TRACE_ID INFO  main AuthcAutoConfiguration$RedisSessionDaoConfig Initializing RedisSessionDaoConfig
2025-09-02 09:18:39.613 TRACE_ID INFO  main AttachServiceImpl init AttachService
2025-09-02 09:19:34.583 TRACE_ID INFO  main CaptchaAutoConfiguration CaptchaAutoConfiguration init
2025-09-02 09:19:34.588 TRACE_ID INFO  main SparrowAutoConfiguration Sparrow Auto Configuration INIT
2025-09-02 09:19:34.592 TRACE_ID INFO  main SparrowConfig SparrowConfig init
2025-09-02 09:19:34.596 TRACE_ID INFO  main SparrowConfig data source config init
2025-09-02 09:19:34.679 TRACE_ID INFO  main FilterAutoConfiguration Sparrow Auto Configuration INIT
2025-09-02 09:19:34.719 TRACE_ID INFO  main FilterAutoConfiguration allowedOrigin: http://www.sparrowzoo.com
2025-09-02 09:19:34.719 TRACE_ID INFO  main FilterAutoConfiguration allowedOrigin: http://passport.sparrowzoo.com
2025-09-02 09:19:34.719 TRACE_ID INFO  main FilterAutoConfiguration allowedOrigin: http://localhost:3000
2025-09-02 09:19:34.720 TRACE_ID INFO  main FilterAutoConfiguration allowedOrigin: http://localhost:3001
2025-09-02 09:19:34.720 TRACE_ID INFO  main FilterAutoConfiguration allowedOrigin: http://192.168.1.14:3000
2025-09-02 09:19:34.720 TRACE_ID INFO  main FilterAutoConfiguration allowedOrigin: http://192.168.1.14:3001
2025-09-02 09:19:34.740 TRACE_ID INFO  main MonolithicFilterAutoConfiguration Initializing MonolithicFilterAutoConfiguration
2025-09-02 09:19:34.772 TRACE_ID INFO  main AuthcAutoConfiguration Initializing AuthcAutoConfiguration
2025-09-02 09:19:34.820 TRACE_ID INFO  main AuthcAutoConfiguration$RedisSessionDaoConfig Initializing RedisSessionDaoConfig
2025-09-02 09:19:38.255 TRACE_ID INFO  main AttachServiceImpl init AttachService
2025-09-02 09:26:46.621 TRACE_ID INFO  main CaptchaAutoConfiguration CaptchaAutoConfiguration init
2025-09-02 09:26:46.628 TRACE_ID INFO  main SparrowAutoConfiguration Sparrow Auto Configuration INIT
2025-09-02 09:26:46.633 TRACE_ID INFO  main SparrowConfig SparrowConfig init
2025-09-02 09:26:46.643 TRACE_ID INFO  main SparrowConfig data source config init
2025-09-02 09:26:46.724 TRACE_ID INFO  main FilterAutoConfiguration Sparrow Auto Configuration INIT
2025-09-02 09:26:46.754 TRACE_ID INFO  main FilterAutoConfiguration allowedOrigin: http://www.sparrowzoo.com
2025-09-02 09:26:46.754 TRACE_ID INFO  main FilterAutoConfiguration allowedOrigin: http://passport.sparrowzoo.com
2025-09-02 09:26:46.754 TRACE_ID INFO  main FilterAutoConfiguration allowedOrigin: http://localhost:3000
2025-09-02 09:26:46.754 TRACE_ID INFO  main FilterAutoConfiguration allowedOrigin: http://localhost:3001
2025-09-02 09:26:46.754 TRACE_ID INFO  main FilterAutoConfiguration allowedOrigin: http://192.168.1.14:3000
2025-09-02 09:26:46.754 TRACE_ID INFO  main FilterAutoConfiguration allowedOrigin: http://192.168.1.14:3001
2025-09-02 09:26:46.787 TRACE_ID INFO  main MonolithicFilterAutoConfiguration Initializing MonolithicFilterAutoConfiguration
2025-09-02 09:26:46.819 TRACE_ID INFO  main AuthcAutoConfiguration Initializing AuthcAutoConfiguration
2025-09-02 09:26:46.877 TRACE_ID INFO  main AuthcAutoConfiguration$RedisSessionDaoConfig Initializing RedisSessionDaoConfig
2025-09-02 09:26:50.136 TRACE_ID INFO  main AttachServiceImpl init AttachService
2025-09-02 09:28:08.855 TRACE_ID INFO  main CaptchaAutoConfiguration CaptchaAutoConfiguration init
2025-09-02 09:28:08.977 TRACE_ID INFO  main SparrowAutoConfiguration Sparrow Auto Configuration INIT
2025-09-02 09:28:09.116 TRACE_ID INFO  main SparrowConfig SparrowConfig init
2025-09-02 09:28:10.241 TRACE_ID INFO  main SparrowConfig data source config init
2025-09-02 09:28:10.601 TRACE_ID INFO  main FilterAutoConfiguration Sparrow Auto Configuration INIT
2025-09-02 09:28:11.422 TRACE_ID INFO  main FilterAutoConfiguration allowedOrigin: http://www.sparrowzoo.com
2025-09-02 09:28:11.424 TRACE_ID INFO  main FilterAutoConfiguration allowedOrigin: http://passport.sparrowzoo.com
2025-09-02 09:28:11.426 TRACE_ID INFO  main FilterAutoConfiguration allowedOrigin: http://localhost:3000
2025-09-02 09:28:11.429 TRACE_ID INFO  main FilterAutoConfiguration allowedOrigin: http://localhost:3001
2025-09-02 09:28:11.431 TRACE_ID INFO  main FilterAutoConfiguration allowedOrigin: http://192.168.1.14:3000
2025-09-02 09:28:11.433 TRACE_ID INFO  main FilterAutoConfiguration allowedOrigin: http://192.168.1.14:3001
2025-09-02 09:28:12.243 TRACE_ID INFO  main MonolithicFilterAutoConfiguration Initializing MonolithicFilterAutoConfiguration
2025-09-02 09:28:13.152 TRACE_ID INFO  main AuthcAutoConfiguration Initializing AuthcAutoConfiguration
2025-09-02 09:28:13.887 TRACE_ID INFO  main AuthcAutoConfiguration$RedisSessionDaoConfig Initializing RedisSessionDaoConfig
2025-09-02 09:28:30.097 TRACE_ID INFO  main AttachServiceImpl init AttachService
2025-09-02 09:28:39.724 TRACE_ID INFO  main TemplateEngineAutoConfiguration TemplateEngineAutoConfiguration init
